E:\OPENSOURCE\COCOS2D-2.0-X-2.0.3\DEBUG.WIN32\HELLOANIMAT.EXE
E:\OPENSOURCE\COCOS2D-2.0-X-2.0.3\DEBUG.WIN32\HELLOANIMAT.ILK
E:\OPENSOURCE\COCOS2D-2.0-X-2.0.3\DEBUG.WIN32\HELLOANIMAT.PDB
E:\OPENSOURCE\COCOS2D-2.0-X-2.0.3\SAMPLES\HELLOCPP\PROJ.WIN32\DEBUG.WIN32\ANIMAT_LAYOUT.OBJ
E:\OPENSOURCE\COCOS2D-2.0-X-2.0.3\SAMPLES\HELLOCPP\PROJ.WIN32\DEBUG.WIN32\APPDELEGATE.OBJ
E:\OPENSOURCE\COCOS2D-2.0-X-2.0.3\SAMPLES\HELLOCPP\PROJ.WIN32\DEBUG.WIN32\CONTROLLER.OBJ
E:\OPENSOURCE\COCOS2D-2.0-X-2.0.3\SAMPLES\HELLOCPP\PROJ.WIN32\DEBUG.WIN32\HELLOWORLDSCENE.OBJ
E:\OPENSOURCE\COCOS2D-2.0-X-2.0.3\SAMPLES\HELLOCPP\PROJ.WIN32\DEBUG.WIN32\IMAGE_SPLITER.OBJ
E:\OPENSOURCE\COCOS2D-2.0-X-2.0.3\SAMPLES\HELLOCPP\PROJ.WIN32\DEBUG.WIN32\LAYER_FRAME.OBJ
E:\OPENSOURCE\COCOS2D-2.0-X-2.0.3\SAMPLES\HELLOCPP\PROJ.WIN32\DEBUG.WIN32\LUA_GENERATOR.OBJ
E:\OPENSOURCE\COCOS2D-2.0-X-2.0.3\SAMPLES\HELLOCPP\PROJ.WIN32\DEBUG.WIN32\MAIN.OBJ
E:\OPENSOURCE\COCOS2D-2.0-X-2.0.3\SAMPLES\HELLOCPP\PROJ.WIN32\DEBUG.WIN32\UILAYOUT.OBJ
E:\OPENSOURCE\COCOS2D-2.0-X-2.0.3\SAMPLES\HELLOCPP\PROJ.WIN32\DEBUG.WIN32\UISHARP.OBJ
E:\OPENSOURCE\COCOS2D-2.0-X-2.0.3\SAMPLES\HELLOCPP\PROJ.WIN32\DEBUG.WIN32\USER_DATA.OBJ
E:\OPENSOURCE\COCOS2D-2.0-X-2.0.3\SAMPLES\HELLOCPP\PROJ.WIN32\DEBUG.WIN32\VC100.PDB
E:\OPENSOURCE\SVN_CODE\COCOS2D-2.0-X-2.0.3(ANIMATE)\DEBUG.WIN32\HELLOANIMAT.EXE
E:\OPENSOURCE\SVN_CODE\COCOS2D-2.0-X-2.0.3(ANIMATE)\DEBUG.WIN32\HELLOANIMAT.ILK
E:\OPENSOURCE\SVN_CODE\COCOS2D-2.0-X-2.0.3(ANIMATE)\DEBUG.WIN32\HELLOANIMAT.PDB
E:\opensource\svn_code\cocos2d-2.0-x-2.0.3(animate)\samples\HelloCpp\proj.win32\Debug.win32\animat_layout.obj
E:\OPENSOURCE\SVN_CODE\COCOS2D-2.0-X-2.0.3(ANIMATE)\SAMPLES\HELLOCPP\PROJ.WIN32\DEBUG.WIN32\ANIMATLAYER.OBJ
E:\OPENSOURCE\SVN_CODE\COCOS2D-2.0-X-2.0.3(ANIMATE)\SAMPLES\HELLOCPP\PROJ.WIN32\DEBUG.WIN32\ANIUTIL.OBJ
E:\OPENSOURCE\SVN_CODE\COCOS2D-2.0-X-2.0.3(ANIMATE)\SAMPLES\HELLOCPP\PROJ.WIN32\DEBUG.WIN32\APPDELEGATE.OBJ
E:\opensource\svn_code\cocos2d-2.0-x-2.0.3(animate)\samples\HelloCpp\proj.win32\Debug.win32\cl.command.1.tlog
E:\opensource\svn_code\cocos2d-2.0-x-2.0.3(animate)\samples\HelloCpp\proj.win32\Debug.win32\CL.read.1.tlog
E:\opensource\svn_code\cocos2d-2.0-x-2.0.3(animate)\samples\HelloCpp\proj.win32\Debug.win32\CL.write.1.tlog
E:\OPENSOURCE\SVN_CODE\COCOS2D-2.0-X-2.0.3(ANIMATE)\SAMPLES\HELLOCPP\PROJ.WIN32\DEBUG.WIN32\COCOSAPP.OBJ
E:\OPENSOURCE\SVN_CODE\COCOS2D-2.0-X-2.0.3(ANIMATE)\SAMPLES\HELLOCPP\PROJ.WIN32\DEBUG.WIN32\COCOSFILE.OBJ
E:\OPENSOURCE\SVN_CODE\COCOS2D-2.0-X-2.0.3(ANIMATE)\SAMPLES\HELLOCPP\PROJ.WIN32\DEBUG.WIN32\COCOSFRAME.OBJ
E:\OPENSOURCE\SVN_CODE\COCOS2D-2.0-X-2.0.3(ANIMATE)\SAMPLES\HELLOCPP\PROJ.WIN32\DEBUG.WIN32\COCOSPROJECT.OBJ
E:\OPENSOURCE\SVN_CODE\COCOS2D-2.0-X-2.0.3(ANIMATE)\SAMPLES\HELLOCPP\PROJ.WIN32\DEBUG.WIN32\COCOSSOLUTION.OBJ
E:\OPENSOURCE\SVN_CODE\COCOS2D-2.0-X-2.0.3(ANIMATE)\SAMPLES\HELLOCPP\PROJ.WIN32\DEBUG.WIN32\COCOSWINDOW.OBJ
E:\OPENSOURCE\SVN_CODE\COCOS2D-2.0-X-2.0.3(ANIMATE)\SAMPLES\HELLOCPP\PROJ.WIN32\DEBUG.WIN32\CONTROLLER.OBJ
E:\OPENSOURCE\SVN_CODE\COCOS2D-2.0-X-2.0.3(ANIMATE)\SAMPLES\HELLOCPP\PROJ.WIN32\DEBUG.WIN32\FRAGMENT.OBJ
E:\OPENSOURCE\SVN_CODE\COCOS2D-2.0-X-2.0.3(ANIMATE)\SAMPLES\HELLOCPP\PROJ.WIN32\DEBUG.WIN32\FRAMEIP.OBJ
E:\opensource\svn_code\cocos2d-2.0-x-2.0.3(animate)\samples\HelloCpp\proj.win32\Debug.win32\HelloAnimat.write.1.tlog
E:\OPENSOURCE\SVN_CODE\COCOS2D-2.0-X-2.0.3(ANIMATE)\SAMPLES\HELLOCPP\PROJ.WIN32\DEBUG.WIN32\HELLOWORLDSCENE.OBJ
E:\opensource\svn_code\cocos2d-2.0-x-2.0.3(animate)\samples\HelloCpp\proj.win32\Debug.win32\image_spliter.obj
E:\OPENSOURCE\SVN_CODE\COCOS2D-2.0-X-2.0.3(ANIMATE)\SAMPLES\HELLOCPP\PROJ.WIN32\DEBUG.WIN32\IMAGESPLITER.OBJ
E:\OPENSOURCE\SVN_CODE\COCOS2D-2.0-X-2.0.3(ANIMATE)\SAMPLES\HELLOCPP\PROJ.WIN32\DEBUG.WIN32\LAYER_FRAME.OBJ
E:\OPENSOURCE\SVN_CODE\COCOS2D-2.0-X-2.0.3(ANIMATE)\SAMPLES\HELLOCPP\PROJ.WIN32\DEBUG.WIN32\LAYOUT.OBJ
E:\opensource\svn_code\cocos2d-2.0-x-2.0.3(animate)\samples\HelloCpp\proj.win32\Debug.win32\link.10084.read.1.tlog
E:\opensource\svn_code\cocos2d-2.0-x-2.0.3(animate)\samples\HelloCpp\proj.win32\Debug.win32\link.10084.read.2.tlog
E:\opensource\svn_code\cocos2d-2.0-x-2.0.3(animate)\samples\HelloCpp\proj.win32\Debug.win32\link.10084.write.1.tlog
E:\opensource\svn_code\cocos2d-2.0-x-2.0.3(animate)\samples\HelloCpp\proj.win32\Debug.win32\link.10204.read.1.tlog
E:\opensource\svn_code\cocos2d-2.0-x-2.0.3(animate)\samples\HelloCpp\proj.win32\Debug.win32\link.10204.write.1.tlog
E:\opensource\svn_code\cocos2d-2.0-x-2.0.3(animate)\samples\HelloCpp\proj.win32\Debug.win32\link.10604.read.1.tlog
E:\opensource\svn_code\cocos2d-2.0-x-2.0.3(animate)\samples\HelloCpp\proj.win32\Debug.win32\link.10604.read.2.tlog
E:\opensource\svn_code\cocos2d-2.0-x-2.0.3(animate)\samples\HelloCpp\proj.win32\Debug.win32\link.10604.write.1.tlog
E:\opensource\svn_code\cocos2d-2.0-x-2.0.3(animate)\samples\HelloCpp\proj.win32\Debug.win32\link.10648.read.1.tlog
E:\opensource\svn_code\cocos2d-2.0-x-2.0.3(animate)\samples\HelloCpp\proj.win32\Debug.win32\link.10648.read.2.tlog
E:\opensource\svn_code\cocos2d-2.0-x-2.0.3(animate)\samples\HelloCpp\proj.win32\Debug.win32\link.10648.write.1.tlog
E:\opensource\svn_code\cocos2d-2.0-x-2.0.3(animate)\samples\HelloCpp\proj.win32\Debug.win32\link.10656.read.1.tlog
E:\opensource\svn_code\cocos2d-2.0-x-2.0.3(animate)\samples\HelloCpp\proj.win32\Debug.win32\link.10656.read.2.tlog
E:\opensource\svn_code\cocos2d-2.0-x-2.0.3(animate)\samples\HelloCpp\proj.win32\Debug.win32\link.10656.write.1.tlog
E:\opensource\svn_code\cocos2d-2.0-x-2.0.3(animate)\samples\HelloCpp\proj.win32\Debug.win32\link.10748.read.1.tlog
E:\opensource\svn_code\cocos2d-2.0-x-2.0.3(animate)\samples\HelloCpp\proj.win32\Debug.win32\link.10748.read.2.tlog
E:\opensource\svn_code\cocos2d-2.0-x-2.0.3(animate)\samples\HelloCpp\proj.win32\Debug.win32\link.10748.write.1.tlog
E:\opensource\svn_code\cocos2d-2.0-x-2.0.3(animate)\samples\HelloCpp\proj.win32\Debug.win32\link.1092.read.1.tlog
E:\opensource\svn_code\cocos2d-2.0-x-2.0.3(animate)\samples\HelloCpp\proj.win32\Debug.win32\link.1092.write.1.tlog
E:\opensource\svn_code\cocos2d-2.0-x-2.0.3(animate)\samples\HelloCpp\proj.win32\Debug.win32\link.3728.read.1.tlog
E:\opensource\svn_code\cocos2d-2.0-x-2.0.3(animate)\samples\HelloCpp\proj.win32\Debug.win32\link.3728.write.1.tlog
E:\opensource\svn_code\cocos2d-2.0-x-2.0.3(animate)\samples\HelloCpp\proj.win32\Debug.win32\link.3744.read.1.tlog
E:\opensource\svn_code\cocos2d-2.0-x-2.0.3(animate)\samples\HelloCpp\proj.win32\Debug.win32\link.3744.write.1.tlog
E:\opensource\svn_code\cocos2d-2.0-x-2.0.3(animate)\samples\HelloCpp\proj.win32\Debug.win32\link.3776.read.1.tlog
E:\opensource\svn_code\cocos2d-2.0-x-2.0.3(animate)\samples\HelloCpp\proj.win32\Debug.win32\link.3776.write.1.tlog
E:\opensource\svn_code\cocos2d-2.0-x-2.0.3(animate)\samples\HelloCpp\proj.win32\Debug.win32\link.5244.read.1.tlog
E:\opensource\svn_code\cocos2d-2.0-x-2.0.3(animate)\samples\HelloCpp\proj.win32\Debug.win32\link.5244.write.1.tlog
E:\opensource\svn_code\cocos2d-2.0-x-2.0.3(animate)\samples\HelloCpp\proj.win32\Debug.win32\link.5380.read.1.tlog
E:\opensource\svn_code\cocos2d-2.0-x-2.0.3(animate)\samples\HelloCpp\proj.win32\Debug.win32\link.5380.write.1.tlog
E:\opensource\svn_code\cocos2d-2.0-x-2.0.3(animate)\samples\HelloCpp\proj.win32\Debug.win32\link.5500.read.1.tlog
E:\opensource\svn_code\cocos2d-2.0-x-2.0.3(animate)\samples\HelloCpp\proj.win32\Debug.win32\link.5500.write.1.tlog
E:\opensource\svn_code\cocos2d-2.0-x-2.0.3(animate)\samples\HelloCpp\proj.win32\Debug.win32\link.57516.read.1.tlog
E:\opensource\svn_code\cocos2d-2.0-x-2.0.3(animate)\samples\HelloCpp\proj.win32\Debug.win32\link.57516.write.1.tlog
E:\opensource\svn_code\cocos2d-2.0-x-2.0.3(animate)\samples\HelloCpp\proj.win32\Debug.win32\link.57660.read.1.tlog
E:\opensource\svn_code\cocos2d-2.0-x-2.0.3(animate)\samples\HelloCpp\proj.win32\Debug.win32\link.57660.write.1.tlog
E:\opensource\svn_code\cocos2d-2.0-x-2.0.3(animate)\samples\HelloCpp\proj.win32\Debug.win32\link.57784.read.1.tlog
E:\opensource\svn_code\cocos2d-2.0-x-2.0.3(animate)\samples\HelloCpp\proj.win32\Debug.win32\link.57784.write.1.tlog
E:\opensource\svn_code\cocos2d-2.0-x-2.0.3(animate)\samples\HelloCpp\proj.win32\Debug.win32\link.5836.read.1.tlog
E:\opensource\svn_code\cocos2d-2.0-x-2.0.3(animate)\samples\HelloCpp\proj.win32\Debug.win32\link.5836.write.1.tlog
E:\opensource\svn_code\cocos2d-2.0-x-2.0.3(animate)\samples\HelloCpp\proj.win32\Debug.win32\link.58448.read.1.tlog
E:\opensource\svn_code\cocos2d-2.0-x-2.0.3(animate)\samples\HelloCpp\proj.win32\Debug.win32\link.58448.write.1.tlog
E:\opensource\svn_code\cocos2d-2.0-x-2.0.3(animate)\samples\HelloCpp\proj.win32\Debug.win32\link.58604.read.1.tlog
E:\opensource\svn_code\cocos2d-2.0-x-2.0.3(animate)\samples\HelloCpp\proj.win32\Debug.win32\link.58604.write.1.tlog
E:\opensource\svn_code\cocos2d-2.0-x-2.0.3(animate)\samples\HelloCpp\proj.win32\Debug.win32\link.58680.read.1.tlog
E:\opensource\svn_code\cocos2d-2.0-x-2.0.3(animate)\samples\HelloCpp\proj.win32\Debug.win32\link.58680.write.1.tlog
E:\opensource\svn_code\cocos2d-2.0-x-2.0.3(animate)\samples\HelloCpp\proj.win32\Debug.win32\link.58836.read.1.tlog
E:\opensource\svn_code\cocos2d-2.0-x-2.0.3(animate)\samples\HelloCpp\proj.win32\Debug.win32\link.58836.write.1.tlog
E:\opensource\svn_code\cocos2d-2.0-x-2.0.3(animate)\samples\HelloCpp\proj.win32\Debug.win32\link.59012.read.1.tlog
E:\opensource\svn_code\cocos2d-2.0-x-2.0.3(animate)\samples\HelloCpp\proj.win32\Debug.win32\link.59012.write.1.tlog
E:\opensource\svn_code\cocos2d-2.0-x-2.0.3(animate)\samples\HelloCpp\proj.win32\Debug.win32\link.59280.read.1.tlog
E:\opensource\svn_code\cocos2d-2.0-x-2.0.3(animate)\samples\HelloCpp\proj.win32\Debug.win32\link.59280.write.1.tlog
E:\opensource\svn_code\cocos2d-2.0-x-2.0.3(animate)\samples\HelloCpp\proj.win32\Debug.win32\link.59300.read.1.tlog
E:\opensource\svn_code\cocos2d-2.0-x-2.0.3(animate)\samples\HelloCpp\proj.win32\Debug.win32\link.59300.write.1.tlog
E:\opensource\svn_code\cocos2d-2.0-x-2.0.3(animate)\samples\HelloCpp\proj.win32\Debug.win32\link.5972.read.1.tlog
E:\opensource\svn_code\cocos2d-2.0-x-2.0.3(animate)\samples\HelloCpp\proj.win32\Debug.win32\link.5972.write.1.tlog
E:\opensource\svn_code\cocos2d-2.0-x-2.0.3(animate)\samples\HelloCpp\proj.win32\Debug.win32\link.6056.read.1.tlog
E:\opensource\svn_code\cocos2d-2.0-x-2.0.3(animate)\samples\HelloCpp\proj.win32\Debug.win32\link.6056.write.1.tlog
E:\opensource\svn_code\cocos2d-2.0-x-2.0.3(animate)\samples\HelloCpp\proj.win32\Debug.win32\link.6096.read.1.tlog
E:\opensource\svn_code\cocos2d-2.0-x-2.0.3(animate)\samples\HelloCpp\proj.win32\Debug.win32\link.6096.write.1.tlog
E:\opensource\svn_code\cocos2d-2.0-x-2.0.3(animate)\samples\HelloCpp\proj.win32\Debug.win32\link.6648.read.1.tlog
E:\opensource\svn_code\cocos2d-2.0-x-2.0.3(animate)\samples\HelloCpp\proj.win32\Debug.win32\link.6648.write.1.tlog
E:\opensource\svn_code\cocos2d-2.0-x-2.0.3(animate)\samples\HelloCpp\proj.win32\Debug.win32\link.704.read.1.tlog
E:\opensource\svn_code\cocos2d-2.0-x-2.0.3(animate)\samples\HelloCpp\proj.win32\Debug.win32\link.704.write.1.tlog
E:\opensource\svn_code\cocos2d-2.0-x-2.0.3(animate)\samples\HelloCpp\proj.win32\Debug.win32\link.852.read.1.tlog
E:\opensource\svn_code\cocos2d-2.0-x-2.0.3(animate)\samples\HelloCpp\proj.win32\Debug.win32\link.852.write.1.tlog
E:\opensource\svn_code\cocos2d-2.0-x-2.0.3(animate)\samples\HelloCpp\proj.win32\Debug.win32\link.924.read.1.tlog
E:\opensource\svn_code\cocos2d-2.0-x-2.0.3(animate)\samples\HelloCpp\proj.win32\Debug.win32\link.924.write.1.tlog
E:\opensource\svn_code\cocos2d-2.0-x-2.0.3(animate)\samples\HelloCpp\proj.win32\Debug.win32\link.9384.read.1.tlog
E:\opensource\svn_code\cocos2d-2.0-x-2.0.3(animate)\samples\HelloCpp\proj.win32\Debug.win32\link.9384.read.2.tlog
E:\opensource\svn_code\cocos2d-2.0-x-2.0.3(animate)\samples\HelloCpp\proj.win32\Debug.win32\link.9384.write.1.tlog
E:\opensource\svn_code\cocos2d-2.0-x-2.0.3(animate)\samples\HelloCpp\proj.win32\Debug.win32\link.command.1.tlog
E:\opensource\svn_code\cocos2d-2.0-x-2.0.3(animate)\samples\HelloCpp\proj.win32\Debug.win32\link.read.1.tlog
E:\opensource\svn_code\cocos2d-2.0-x-2.0.3(animate)\samples\HelloCpp\proj.win32\Debug.win32\link.write.1.tlog
E:\OPENSOURCE\SVN_CODE\COCOS2D-2.0-X-2.0.3(ANIMATE)\SAMPLES\HELLOCPP\PROJ.WIN32\DEBUG.WIN32\LUA_GENERATOR.OBJ
E:\OPENSOURCE\SVN_CODE\COCOS2D-2.0-X-2.0.3(ANIMATE)\SAMPLES\HELLOCPP\PROJ.WIN32\DEBUG.WIN32\LUAGENERATOR.OBJ
E:\opensource\svn_code\cocos2d-2.0-x-2.0.3(animate)\samples\HelloCpp\proj.win32\Debug.win32\ResolveAssemblyReference.cache
E:\OPENSOURCE\SVN_CODE\COCOS2D-2.0-X-2.0.3(ANIMATE)\SAMPLES\HELLOCPP\PROJ.WIN32\DEBUG.WIN32\TESTLUAGENERATOR.OBJ
E:\OPENSOURCE\SVN_CODE\COCOS2D-2.0-X-2.0.3(ANIMATE)\SAMPLES\HELLOCPP\PROJ.WIN32\DEBUG.WIN32\UILAYOUT.OBJ
E:\OPENSOURCE\SVN_CODE\COCOS2D-2.0-X-2.0.3(ANIMATE)\SAMPLES\HELLOCPP\PROJ.WIN32\DEBUG.WIN32\UISHARP.OBJ
E:\opensource\svn_code\cocos2d-2.0-x-2.0.3(animate)\samples\HelloCpp\proj.win32\Debug.win32\user_data.obj
E:\opensource\svn_code\cocos2d-2.0-x-2.0.3(animate)\samples\HelloCpp\proj.win32\Debug.win32\vc100.idb
E:\OPENSOURCE\SVN_CODE\COCOS2D-2.0-X-2.0.3(ANIMATE)\SAMPLES\HELLOCPP\PROJ.WIN32\DEBUG.WIN32\VC100.PDB
E:\OPENSOURCE\SVN_CODE\COCOS2D-2.0-X-2.0.3\DEBUG.WIN32\HELLOANIMAT.EXE
E:\OPENSOURCE\SVN_CODE\COCOS2D-2.0-X-2.0.3\DEBUG.WIN32\HELLOANIMAT.ILK
E:\OPENSOURCE\SVN_CODE\COCOS2D-2.0-X-2.0.3\DEBUG.WIN32\HELLOANIMAT.PDB
E:\OPENSOURCE\SVN_CODE\COCOS2D-2.0-X-2.0.3\SAMPLES\HELLOCPP\PROJ.WIN32\DEBUG.WIN32\ANIMAT_LAYOUT.OBJ
E:\OPENSOURCE\SVN_CODE\COCOS2D-2.0-X-2.0.3\SAMPLES\HELLOCPP\PROJ.WIN32\DEBUG.WIN32\ANIMATLAYER.OBJ
E:\OPENSOURCE\SVN_CODE\COCOS2D-2.0-X-2.0.3\SAMPLES\HELLOCPP\PROJ.WIN32\DEBUG.WIN32\APPDELEGATE.OBJ
E:\OPENSOURCE\SVN_CODE\COCOS2D-2.0-X-2.0.3\SAMPLES\HELLOCPP\PROJ.WIN32\DEBUG.WIN32\COCOSAPP.OBJ
E:\OPENSOURCE\SVN_CODE\COCOS2D-2.0-X-2.0.3\SAMPLES\HELLOCPP\PROJ.WIN32\DEBUG.WIN32\COCOSFILE.OBJ
E:\OPENSOURCE\SVN_CODE\COCOS2D-2.0-X-2.0.3\SAMPLES\HELLOCPP\PROJ.WIN32\DEBUG.WIN32\COCOSFRAME.OBJ
E:\OPENSOURCE\SVN_CODE\COCOS2D-2.0-X-2.0.3\SAMPLES\HELLOCPP\PROJ.WIN32\DEBUG.WIN32\COCOSPROJECT.OBJ
E:\OPENSOURCE\SVN_CODE\COCOS2D-2.0-X-2.0.3\SAMPLES\HELLOCPP\PROJ.WIN32\DEBUG.WIN32\COCOSSOLUTION.OBJ
E:\OPENSOURCE\SVN_CODE\COCOS2D-2.0-X-2.0.3\SAMPLES\HELLOCPP\PROJ.WIN32\DEBUG.WIN32\COCOSWINDOW.OBJ
E:\OPENSOURCE\SVN_CODE\COCOS2D-2.0-X-2.0.3\SAMPLES\HELLOCPP\PROJ.WIN32\DEBUG.WIN32\CONTROLLER.OBJ
E:\OPENSOURCE\SVN_CODE\COCOS2D-2.0-X-2.0.3\SAMPLES\HELLOCPP\PROJ.WIN32\DEBUG.WIN32\HELLOWORLDSCENE.OBJ
E:\OPENSOURCE\SVN_CODE\COCOS2D-2.0-X-2.0.3\SAMPLES\HELLOCPP\PROJ.WIN32\DEBUG.WIN32\IMAGE_SPLITER.OBJ
E:\OPENSOURCE\SVN_CODE\COCOS2D-2.0-X-2.0.3\SAMPLES\HELLOCPP\PROJ.WIN32\DEBUG.WIN32\IMAGESPLITER.OBJ
E:\OPENSOURCE\SVN_CODE\COCOS2D-2.0-X-2.0.3\SAMPLES\HELLOCPP\PROJ.WIN32\DEBUG.WIN32\LAYER_FRAME.OBJ
E:\OPENSOURCE\SVN_CODE\COCOS2D-2.0-X-2.0.3\SAMPLES\HELLOCPP\PROJ.WIN32\DEBUG.WIN32\LAYOUT.OBJ
E:\OPENSOURCE\SVN_CODE\COCOS2D-2.0-X-2.0.3\SAMPLES\HELLOCPP\PROJ.WIN32\DEBUG.WIN32\LUA_GENERATOR.OBJ
E:\OPENSOURCE\SVN_CODE\COCOS2D-2.0-X-2.0.3\SAMPLES\HELLOCPP\PROJ.WIN32\DEBUG.WIN32\MAIN.OBJ
E:\OPENSOURCE\SVN_CODE\COCOS2D-2.0-X-2.0.3\SAMPLES\HELLOCPP\PROJ.WIN32\DEBUG.WIN32\TESTLUAGENERATOR.OBJ
E:\OPENSOURCE\SVN_CODE\COCOS2D-2.0-X-2.0.3\SAMPLES\HELLOCPP\PROJ.WIN32\DEBUG.WIN32\UILAYOUT.OBJ
E:\OPENSOURCE\SVN_CODE\COCOS2D-2.0-X-2.0.3\SAMPLES\HELLOCPP\PROJ.WIN32\DEBUG.WIN32\UISHARP.OBJ
E:\OPENSOURCE\SVN_CODE\COCOS2D-2.0-X-2.0.3\SAMPLES\HELLOCPP\PROJ.WIN32\DEBUG.WIN32\USER_DATA.OBJ
E:\OPENSOURCE\SVN_CODE\COCOS2D-2.0-X-2.0.3\SAMPLES\HELLOCPP\PROJ.WIN32\DEBUG.WIN32\VC100.PDB
