E:\OPENSOURCE\COCOS2D-2.0-X-2.0.3\DEBUG.WIN32\HELLOCPP.EXE
E:\OPENSOURCE\COCOS2D-2.0-X-2.0.3\DEBUG.WIN32\HELLOCPP.ILK
E:\OPENSOURCE\COCOS2D-2.0-X-2.0.3\DEBUG.WIN32\HELLOCPP.PDB
E:\OPENSOURCE\COCOS2D-2.0-X-2.0.3\SAMPLES\HELLOCPP\PROJ.WIN32\DEBUG.WIN32\ANIMAT_LAYOUT.OBJ
E:\OPENSOURCE\COCOS2D-2.0-X-2.0.3\SAMPLES\HELLOCPP\PROJ.WIN32\DEBUG.WIN32\APPDELEGATE.OBJ
E:\opensource\cocos2d-2.0-x-2.0.3\samples\HelloCpp\proj.win32\Debug.win32\cl.command.1.tlog
E:\opensource\cocos2d-2.0-x-2.0.3\samples\HelloCpp\proj.win32\Debug.win32\CL.read.1.tlog
E:\opensource\cocos2d-2.0-x-2.0.3\samples\HelloCpp\proj.win32\Debug.win32\CL.write.1.tlog
E:\OPENSOURCE\COCOS2D-2.0-X-2.0.3\SAMPLES\HELLOCPP\PROJ.WIN32\DEBUG.WIN32\HELLOCPP.EXE.EMBED.MANIFEST
E:\OPENSOURCE\COCOS2D-2.0-X-2.0.3\SAMPLES\HELLOCPP\PROJ.WIN32\DEBUG.WIN32\HELLOCPP.EXE.EMBED.MANIFEST.RES
E:\OPENSOURCE\COCOS2D-2.0-X-2.0.3\SAMPLES\HELLOCPP\PROJ.WIN32\DEBUG.WIN32\HELLOCPP.EXE.INTERMEDIATE.MANIFEST
E:\opensource\cocos2d-2.0-x-2.0.3\samples\HelloCpp\proj.win32\Debug.win32\HelloCpp.write.1.tlog
E:\opensource\cocos2d-2.0-x-2.0.3\samples\HelloCpp\proj.win32\Debug.win32\HelloCpp_manifest.rc
E:\OPENSOURCE\COCOS2D-2.0-X-2.0.3\SAMPLES\HELLOCPP\PROJ.WIN32\DEBUG.WIN32\HELLOWORLDSCENE.OBJ
E:\OPENSOURCE\COCOS2D-2.0-X-2.0.3\SAMPLES\HELLOCPP\PROJ.WIN32\DEBUG.WIN32\LAYER_FRAME.OBJ
E:\opensource\cocos2d-2.0-x-2.0.3\samples\HelloCpp\proj.win32\Debug.win32\link.5504.read.1.tlog
E:\opensource\cocos2d-2.0-x-2.0.3\samples\HelloCpp\proj.win32\Debug.win32\link.5504.write.1.tlog
E:\opensource\cocos2d-2.0-x-2.0.3\samples\HelloCpp\proj.win32\Debug.win32\link.5504-cvtres.read.1.tlog
E:\opensource\cocos2d-2.0-x-2.0.3\samples\HelloCpp\proj.win32\Debug.win32\link.5504-cvtres.write.1.tlog
E:\opensource\cocos2d-2.0-x-2.0.3\samples\HelloCpp\proj.win32\Debug.win32\link.5752.read.1.tlog
E:\opensource\cocos2d-2.0-x-2.0.3\samples\HelloCpp\proj.win32\Debug.win32\link.5752.write.1.tlog
E:\opensource\cocos2d-2.0-x-2.0.3\samples\HelloCpp\proj.win32\Debug.win32\link.5752-cvtres.read.1.tlog
E:\opensource\cocos2d-2.0-x-2.0.3\samples\HelloCpp\proj.win32\Debug.win32\link.5752-cvtres.write.1.tlog
E:\opensource\cocos2d-2.0-x-2.0.3\samples\HelloCpp\proj.win32\Debug.win32\link.command.1.tlog
E:\opensource\cocos2d-2.0-x-2.0.3\samples\HelloCpp\proj.win32\Debug.win32\link.read.1.tlog
E:\opensource\cocos2d-2.0-x-2.0.3\samples\HelloCpp\proj.win32\Debug.win32\link.write.1.tlog
E:\opensource\cocos2d-2.0-x-2.0.3\samples\HelloCpp\proj.win32\Debug.win32\link-cvtres.read.1.tlog
E:\opensource\cocos2d-2.0-x-2.0.3\samples\HelloCpp\proj.win32\Debug.win32\link-cvtres.write.1.tlog
E:\OPENSOURCE\COCOS2D-2.0-X-2.0.3\SAMPLES\HELLOCPP\PROJ.WIN32\DEBUG.WIN32\MAIN.OBJ
E:\opensource\cocos2d-2.0-x-2.0.3\samples\HelloCpp\proj.win32\Debug.win32\mt.command.1.tlog
E:\opensource\cocos2d-2.0-x-2.0.3\samples\HelloCpp\proj.win32\Debug.win32\mt.read.1.tlog
E:\opensource\cocos2d-2.0-x-2.0.3\samples\HelloCpp\proj.win32\Debug.win32\mt.write.1.tlog
E:\opensource\cocos2d-2.0-x-2.0.3\samples\HelloCpp\proj.win32\Debug.win32\rc.command.1.tlog
E:\opensource\cocos2d-2.0-x-2.0.3\samples\HelloCpp\proj.win32\Debug.win32\rc.read.1.tlog
E:\opensource\cocos2d-2.0-x-2.0.3\samples\HelloCpp\proj.win32\Debug.win32\rc.write.1.tlog
E:\opensource\cocos2d-2.0-x-2.0.3\samples\HelloCpp\proj.win32\Debug.win32\vc100.idb
E:\OPENSOURCE\COCOS2D-2.0-X-2.0.3\SAMPLES\HELLOCPP\PROJ.WIN32\DEBUG.WIN32\VC100.PDB
