Build started 2013/4/23 23:39:25.
     1>Project "E:\opensource\cocos2d-2.0-x-2.0.3\samples\HelloCpp\proj.win32\HelloCpp.vcxproj" on node 2 (build target(s)).
     1>InitializeBuildStatus:
         Creating "Debug.win32\HelloCpp.unsuccessfulbuild" because "AlwaysCreate" was specified.
       ClCompile:
         D:\project\Microsoft Visual Studio 10.0\VC\bin\CL.exe /c /I"E:\opensource\cocos2d-2.0-x-2.0.3\cocos2dx" /I"E:\opensource\cocos2d-2.0-x-2.0.3\cocos2dx\include" /I"E:\opensource\cocos2d-2.0-x-2.0.3\cocos2dx\kazmath\include" /I"E:\opensource\cocos2d-2.0-x-2.0.3\cocos2dx\platform\win32" /I"E:\opensource\cocos2d-2.0-x-2.0.3\cocos2dx\platform\third_party\win32\OGLES" /I..\Classes /I"E:\opensource\cocos2d-2.0-x-2.0.3\extensions" /ZI /nologo /W3 /WX- /Od /Oy- /D WIN32 /D _DEBUG /D _WINDOWS /D COCOS2D_DEBUG=1 /D _CRT_SECURE_NO_WARNINGS /D _SCL_SECURE_NO_WARNINGS /D _UNICODE /D UNICODE /Gm /EHsc /RTC1 /MDd /GS /fp:precise /Zc:wchar_t /Zc:forScope /Fo"Debug.win32\\" /Fd"Debug.win32\vc100.pdb" /Gd /TP /wd4267 /wd4251 /wd4244 /analyze- /errorReport:prompt ..\Classes\layout\animat_layout.cpp
         animat_layout.cpp
       ManifestResourceCompile:
         All outputs are up-to-date.
       Link:
         D:\project\Microsoft Visual Studio 10.0\VC\bin\link.exe /ERRORREPORT:PROMPT /OUT:"E:\opensource\cocos2d-2.0-x-2.0.3\Debug.win32\HelloCpp.exe" /INCREMENTAL /NOLOGO /LIBPATH:"E:\opensource\cocos2d-2.0-x-2.0.3\Debug.win32\\" opengl32.lib glew32.lib libcocos2d.lib libExtensions.lib kernel32.lib user32.lib gdi32.lib winspool.lib comdlg32.lib advapi32.lib shell32.lib ole32.lib oleaut32.lib uuid.lib odbc32.lib odbccp32.lib /MANIFEST /ManifestFile:"Debug.win32\HelloCpp.exe.intermediate.manifest" /MANIFESTUAC:"level='asInvoker' uiAccess='false'" /DEBUG /PDB:"E:\opensource\cocos2d-2.0-x-2.0.3\Debug.win32\HelloCpp.pdb" /SUBSYSTEM:WINDOWS /TLBID:1 /DYNAMICBASE /NXCOMPAT /IMPLIB:"E:\opensource\cocos2d-2.0-x-2.0.3\Debug.win32\HelloCpp.lib" /MACHINE:X86 Debug.win32\HelloCpp.exe.embed.manifest.res
         Debug.win32\image_spliter.obj
         Debug.win32\AppDelegate.obj
         Debug.win32\HelloWorldScene.obj
         Debug.win32\animat_layout.obj
         Debug.win32\layer_frame.obj
         Debug.win32\uilayout.obj
         Debug.win32\user_data.obj
         Debug.win32\main.obj
         "E:\opensource\cocos2d-2.0-x-2.0.3\Debug.win32\libcocos2d.lib"
         "E:\opensource\cocos2d-2.0-x-2.0.3\Debug.win32\libCocosDenshion.lib"
       Manifest:
         C:\Program Files (x86)\Microsoft SDKs\Windows\v7.0A\bin\mt.exe /nologo /verbose /out:"Debug.win32\HelloCpp.exe.embed.manifest" /manifest Debug.win32\HelloCpp.exe.intermediate.manifest
         All outputs are up-to-date.
       LinkEmbedManifest:
         All outputs are up-to-date.
         HelloCpp.vcxproj -> E:\opensource\cocos2d-2.0-x-2.0.3\Debug.win32\HelloCpp.exe
       FinalizeBuildStatus:
         Deleting file "Debug.win32\HelloCpp.unsuccessfulbuild".
         Touching "Debug.win32\HelloCpp.lastbuildstate".
     1>Done Building Project "E:\opensource\cocos2d-2.0-x-2.0.3\samples\HelloCpp\proj.win32\HelloCpp.vcxproj" (build target(s)).

Build succeeded.

Time Elapsed 00:00:03.37
